<?xml version="1.0" encoding="UTF-8"?>
<!-- Generated by org.testng.reporters.JUnitReportReporter -->
<testsuite hostname="Mahendrakodimole" failures="0" tests="2" name="testingfy.tests.ErrorValidations" time="69.867" errors="0" timestamp="2023-07-28T10:56:51 IST" skipped="0">
  <testcase classname="testingfy.tests.ErrorValidations" name="loginErroValidation" time="52.121"/>
  <testcase classname="testingfy.tests.ErrorValidations" name="productErrorValidation" time="17.746"/>
</testsuite> <!-- testingfy.tests.ErrorValidations -->
