<?xml version="1.0" encoding="UTF-8"?>
<!-- Generated by org.testng.reporters.JUnitReportReporter -->
<testsuite hostname="Mahendrakodimole" failures="0" tests="1" name="testingfy.data.dataDriver" time="0.934" errors="0" timestamp="2023-08-01T07:55:26 IST" skipped="0">
  <testcase classname="testingfy.data.dataDriver" name="getJsonData" time="0.934"/>
</testsuite> <!-- testingfy.data.dataDriver -->
