<?xml version="1.0" encoding="UTF-8"?>
<!-- Generated by org.testng.reporters.JUnitReportReporter -->
<testsuite hostname="Mahendrakodimole" failures="0" tests="1" name="testingfy.data.DataProvider" time="0.760" errors="0" timestamp="2023-08-01T08:20:29 IST" skipped="0">
  <testcase classname="testingfy.data.DataProvider" name="getJsonData" time="0.760"/>
</testsuite> <!-- testingfy.data.DataProvider -->
