<?xml version="1.0" encoding="UTF-8"?>
<!-- Generated by org.testng.reporters.JUnitReportReporter -->
<testsuite hostname="Mahendrakodimole" failures="0" tests="1" name="testingfy.tests.ExtentReportDemo" time="24.771" errors="0" timestamp="2023-08-01T11:02:45 IST" skipped="0">
  <testcase classname="testingfy.tests.ExtentReportDemo" name="intialExtentDemo" time="24.771"/>
</testsuite> <!-- testingfy.tests.ExtentReportDemo -->
