<?xml version="1.0" encoding="UTF-8"?>
<!-- Generated by org.testng.reporters.JUnitReportReporter -->
<testsuite hostname="Mahendrakodimole" failures="0" tests="4" name="testingfy.tests.SubmitOrderTest" time="110.721" errors="0" timestamp="2023-08-02T00:25:59 IST" skipped="0">
  <testcase classname="testingfy.tests.SubmitOrderTest" name="submitOrder" time="27.710"/>
  <testcase classname="testingfy.tests.SubmitOrderTest" name="orderHistoryTest" time="19.042"/>
  <testcase classname="testingfy.tests.SubmitOrderTest" name="submitOrder" time="48.700"/>
  <testcase classname="testingfy.tests.SubmitOrderTest" name="orderHistoryTest" time="15.269"/>
</testsuite> <!-- testingfy.tests.SubmitOrderTest -->
