<?xml version="1.0" encoding="UTF-8"?>
<!-- Generated by org.testng.reporters.JUnitReportReporter -->
<testsuite hostname="Mahendrakodimole" failures="0" tests="4" name="testingfy.tests.SubmitOrderTest" time="80.247" errors="0" timestamp="2023-08-02T02:01:29 IST" skipped="0">
  <testcase classname="testingfy.tests.SubmitOrderTest" name="orderHistoryTest" time="11.536"/>
  <testcase classname="testingfy.tests.SubmitOrderTest" name="submitOrder" time="21.454"/>
  <testcase classname="testingfy.tests.SubmitOrderTest" name="submitOrder" time="22.167"/>
  <testcase classname="testingfy.tests.SubmitOrderTest" name="orderHistoryTest" time="25.090"/>
</testsuite> <!-- testingfy.tests.SubmitOrderTest -->
